SF:lib\common\exception.dart
DA:6,4
LF:1
LH:1
end_of_record
SF:lib\data\datasources\movie_local_data_source.dart
DA:15,1
DA:17,1
DA:20,2
DA:23,2
DA:27,1
DA:30,2
DA:33,2
DA:37,1
DA:39,2
DA:41,1
DA:47,1
DA:49,2
DA:50,4
LF:13
LH:13
end_of_record
SF:lib\data\models\movie_table.dart
DA:11,2
DA:18,2
DA:19,1
DA:20,1
DA:21,1
DA:22,1
DA:25,2
DA:26,1
DA:27,1
DA:28,1
DA:29,1
DA:32,0
DA:33,0
DA:34,0
DA:35,0
DA:36,0
DA:39,2
DA:40,1
DA:41,1
DA:42,1
DA:43,1
DA:46,2
DA:48,10
LF:23
LH:18
end_of_record
SF:lib\domain\entities\genre.dart
DA:4,14
DA:12,4
DA:13,12
LF:3
LH:3
end_of_record
SF:lib\domain\entities\movie.dart
DA:4,12
DA:20,1
DA:41,8
DA:42,8
DA:43,8
DA:44,8
DA:45,8
DA:46,8
DA:47,8
DA:48,8
DA:49,8
DA:50,8
DA:51,8
DA:52,8
DA:53,8
DA:54,8
DA:55,8
LF:17
LH:17
end_of_record
SF:lib\domain\entities\movie_detail.dart
DA:5,7
DA:33,2
DA:34,2
DA:35,2
DA:36,2
DA:37,2
DA:38,2
DA:39,2
DA:40,2
DA:41,2
DA:42,2
DA:43,2
DA:44,2
DA:45,2
LF:14
LH:14
end_of_record
SF:lib\common\failure.dart
DA:6,15
DA:8,2
DA:9,4
DA:13,30
DA:17,4
DA:21,4
LF:6
LH:6
end_of_record
SF:lib\data\datasources\db\database_helper.dart
DA:8,0
DA:12,0
DA:16,0
DA:18,0
DA:25,0
DA:26,0
DA:27,0
DA:29,0
DA:33,0
DA:34,0
DA:41,0
DA:44,0
DA:45,0
DA:46,0
DA:49,0
DA:50,0
DA:51,0
DA:54,0
DA:58,0
DA:59,0
DA:60,0
DA:63,0
DA:66,0
DA:67,0
DA:73,0
DA:74,0
DA:75,0
LF:27
LH:0
end_of_record
SF:lib\data\datasources\movie_remote_data_source.dart
DA:24,1
DA:26,1
DA:29,4
DA:31,2
DA:32,4
DA:34,1
DA:38,1
DA:41,4
DA:43,2
DA:44,3
DA:46,1
DA:50,1
DA:52,1
DA:53,3
DA:55,2
DA:56,4
DA:58,1
DA:62,1
DA:65,4
DA:67,2
DA:68,4
DA:70,1
DA:74,1
DA:77,4
DA:79,2
DA:80,4
DA:82,1
DA:86,1
DA:88,1
DA:89,3
DA:91,2
DA:92,4
DA:94,1
LF:33
LH:33
end_of_record
SF:lib\data\models\movie_detail_model.dart
DA:6,2
DA:52,1
DA:53,1
DA:54,1
DA:55,1
DA:56,1
DA:57,1
DA:58,4
DA:59,1
DA:60,1
DA:61,1
DA:62,1
DA:63,1
DA:64,1
DA:65,2
DA:66,1
DA:67,1
DA:68,1
DA:69,1
DA:70,1
DA:71,1
DA:72,1
DA:73,1
DA:74,2
DA:75,1
DA:78,0
DA:79,0
DA:80,0
DA:81,0
DA:82,0
DA:83,0
DA:84,0
DA:85,0
DA:86,0
DA:87,0
DA:88,0
DA:89,0
DA:90,0
DA:91,0
DA:92,0
DA:93,0
DA:94,0
DA:95,0
DA:96,0
DA:97,0
DA:98,0
DA:99,0
DA:102,1
DA:103,1
DA:104,1
DA:105,1
DA:106,5
DA:107,1
DA:108,1
DA:109,1
DA:110,1
DA:111,1
DA:112,1
DA:113,1
DA:114,1
DA:115,1
DA:119,1
DA:121,1
DA:122,1
DA:123,1
DA:124,1
DA:125,1
DA:126,1
DA:127,1
DA:128,1
DA:129,1
DA:130,1
DA:131,1
DA:132,1
DA:133,1
DA:134,1
DA:135,1
DA:136,1
DA:137,1
DA:138,1
DA:139,1
DA:140,1
DA:141,1
DA:142,1
LF:84
LH:62
end_of_record
SF:lib\data\models\movie_model.dart
DA:5,4
DA:35,4
DA:36,2
DA:37,2
DA:38,8
DA:39,2
DA:40,2
DA:41,2
DA:42,4
DA:43,2
DA:44,2
DA:45,2
DA:46,2
DA:47,4
DA:48,2
DA:51,2
DA:52,1
DA:53,1
DA:54,4
DA:55,1
DA:56,1
DA:57,1
DA:58,1
DA:59,1
DA:60,1
DA:61,1
DA:62,1
DA:63,1
DA:64,1
DA:67,2
DA:68,2
DA:69,2
DA:70,2
DA:71,2
DA:72,2
DA:73,2
DA:74,2
DA:75,2
DA:76,2
DA:77,2
DA:78,2
DA:79,2
DA:80,2
DA:81,2
DA:85,2
DA:86,2
DA:87,2
DA:88,2
DA:89,2
DA:90,2
DA:91,2
DA:92,2
DA:93,2
DA:94,2
DA:95,2
DA:96,2
DA:97,2
DA:98,2
DA:99,2
LF:59
LH:59
end_of_record
SF:lib\domain\usecases\get_movie_detail.dart
DA:9,1
DA:11,1
DA:12,2
LF:3
LH:3
end_of_record
SF:lib\domain\usecases\get_movie_recommendations.dart
DA:9,1
DA:11,1
DA:12,2
LF:3
LH:3
end_of_record
SF:lib\domain\usecases\get_watchlist_status.dart
DA:6,1
DA:8,1
DA:9,2
LF:3
LH:3
end_of_record
SF:lib\domain\usecases\remove_watchlist.dart
DA:9,1
DA:11,1
DA:12,2
LF:3
LH:3
end_of_record
SF:lib\domain\usecases\save_watchlist.dart
DA:9,1
DA:11,1
DA:12,2
LF:3
LH:3
end_of_record
SF:lib\presentation\bloc\movie_detail_bloc.dart
DA:9,1
DA:11,2
DA:12,2
DA:13,1
DA:14,2
DA:15,2
DA:16,1
DA:17,1
DA:18,3
DA:20,1
DA:21,2
DA:29,2
DA:31,0
DA:32,0
DA:38,2
DA:40,0
DA:41,0
DA:45,1
DA:46,1
DA:56,2
DA:58,1
DA:59,2
DA:65,1
DA:67,1
DA:68,2
LF:25
LH:21
end_of_record
SF:lib\data\models\movie_response.dart
DA:7,2
DA:9,4
DA:10,4
DA:11,6
DA:12,6
DA:15,2
DA:16,5
DA:19,1
DA:20,2
LF:9
LH:9
end_of_record
SF:lib\data\models\genre_model.dart
DA:5,4
DA:13,4
DA:14,2
DA:15,2
DA:18,0
DA:19,0
DA:20,0
DA:23,2
DA:24,6
DA:27,2
DA:28,6
LF:11
LH:8
end_of_record
SF:lib\data\datasources\tvseries_local_data_source.dart
DA:15,1
DA:17,1
DA:20,2
DA:23,2
DA:27,1
DA:30,2
DA:33,2
DA:37,1
DA:39,2
DA:41,1
DA:47,1
DA:49,2
DA:50,4
LF:13
LH:13
end_of_record
SF:lib\data\models\tvseries_table.dart
DA:11,2
DA:18,2
DA:19,1
DA:20,1
DA:21,1
DA:22,1
DA:25,2
DA:26,1
DA:27,1
DA:28,1
DA:29,1
DA:32,0
DA:33,0
DA:34,0
DA:35,0
DA:36,0
DA:39,2
DA:40,1
DA:41,1
DA:42,1
DA:43,1
DA:46,2
DA:47,10
LF:23
LH:18
end_of_record
SF:lib\domain\entities\tvseries.dart
DA:4,11
DA:17,1
DA:37,7
DA:38,7
DA:39,7
DA:40,7
DA:41,7
DA:42,7
DA:43,7
DA:44,7
DA:45,7
DA:46,7
DA:47,7
LF:13
LH:13
end_of_record
SF:lib\domain\entities\tvseries_detail.dart
DA:5,7
DA:53,2
DA:54,2
DA:55,2
DA:56,2
DA:57,2
DA:58,2
DA:59,2
DA:60,2
DA:61,2
DA:62,2
DA:63,2
DA:64,2
DA:65,2
DA:66,2
DA:67,2
DA:68,2
DA:69,2
DA:70,2
DA:71,2
DA:72,2
DA:73,2
DA:74,2
DA:75,2
DA:76,2
LF:25
LH:25
end_of_record
SF:lib\data\datasources\db\tvseries_database_helper.dart
DA:8,0
DA:12,0
DA:13,0
DA:17,0
DA:19,0
DA:26,0
DA:27,0
DA:28,0
DA:30,0
DA:34,0
DA:35,0
DA:42,0
DA:45,0
DA:46,0
DA:47,0
DA:50,0
DA:51,0
DA:52,0
DA:55,0
DA:59,0
DA:60,0
DA:61,0
DA:64,0
DA:67,0
DA:68,0
DA:74,0
DA:75,0
DA:76,0
LF:28
LH:0
end_of_record
SF:lib\data\datasources\tvseries_remote_data_source.dart
DA:24,1
DA:26,1
DA:29,4
DA:31,2
DA:32,4
DA:34,1
DA:38,1
DA:40,4
DA:42,2
DA:43,3
DA:45,1
DA:49,1
DA:51,1
DA:52,3
DA:54,2
DA:55,4
DA:57,1
DA:61,1
DA:64,4
DA:66,2
DA:67,4
DA:69,1
DA:73,1
DA:76,4
DA:78,2
DA:79,4
DA:81,1
DA:85,1
DA:87,1
DA:88,3
DA:90,2
DA:91,4
DA:93,1
LF:33
LH:33
end_of_record
SF:lib\data\models\tvseries_detail_model.dart
DA:6,2
DA:54,1
DA:55,1
DA:56,1
DA:57,1
DA:59,3
DA:60,1
DA:61,1
DA:62,1
DA:63,1
DA:64,4
DA:65,1
DA:66,3
DA:67,1
DA:68,1
DA:69,1
DA:70,1
DA:71,1
DA:72,1
DA:73,2
DA:74,1
DA:75,1
DA:76,1
DA:77,1
DA:78,2
DA:79,1
DA:82,0
DA:83,0
DA:84,0
DA:85,0
DA:86,0
DA:87,0
DA:88,0
DA:89,0
DA:90,0
DA:91,0
DA:92,0
DA:93,0
DA:94,0
DA:95,0
DA:96,0
DA:97,0
DA:98,0
DA:99,0
DA:100,0
DA:101,0
DA:102,0
DA:103,0
DA:104,0
DA:107,1
DA:108,1
DA:109,1
DA:110,1
DA:111,1
DA:112,2
DA:113,1
DA:114,1
DA:115,5
DA:116,1
DA:117,1
DA:118,2
DA:119,1
DA:120,1
DA:121,1
DA:122,1
DA:123,1
DA:124,1
DA:125,1
DA:126,1
DA:127,1
DA:128,1
DA:129,1
DA:130,1
DA:134,1
DA:136,1
DA:137,1
DA:138,1
DA:139,1
DA:140,1
DA:141,1
DA:142,1
DA:143,1
DA:144,1
DA:145,1
DA:146,1
DA:147,1
DA:148,1
DA:149,1
DA:150,1
DA:151,1
DA:152,1
DA:153,1
DA:154,1
DA:155,1
DA:156,1
DA:157,1
DA:158,1
LF:97
LH:74
end_of_record
SF:lib\data\models\tvseries_model.dart
DA:5,4
DA:29,4
DA:30,2
DA:31,8
DA:32,2
DA:33,2
DA:34,2
DA:35,2
DA:36,4
DA:37,2
DA:38,4
DA:39,2
DA:42,2
DA:43,2
DA:44,4
DA:45,1
DA:46,1
DA:47,1
DA:48,1
DA:49,1
DA:50,1
DA:51,1
DA:52,1
DA:55,2
DA:56,2
DA:57,2
DA:58,2
DA:59,2
DA:60,2
DA:61,2
DA:62,2
DA:63,2
DA:64,2
DA:65,2
DA:66,2
DA:70,2
DA:71,2
DA:72,2
DA:73,2
DA:74,2
DA:75,2
DA:76,2
DA:77,2
DA:78,2
DA:79,2
DA:80,2
DA:81,2
LF:47
LH:47
end_of_record
SF:lib\domain\usecases\get_popular_tvseries.dart
DA:9,1
DA:11,1
DA:12,2
LF:3
LH:3
end_of_record
SF:lib\domain\usecases\get_top_rated_tvseries.dart
DA:9,1
DA:11,1
DA:12,2
LF:3
LH:3
end_of_record
SF:lib\data\models\tvseries_response.dart
DA:7,2
DA:9,2
DA:10,2
DA:11,4
DA:12,6
DA:13,6
DA:16,2
DA:17,5
DA:20,1
DA:21,2
LF:10
LH:10
end_of_record
SF:lib\data\repositories\movie_repository_impl.dart
DA:17,1
DA:22,1
DA:25,2
DA:26,5
DA:27,1
DA:28,2
DA:29,1
DA:30,2
DA:34,1
DA:37,2
DA:38,2
DA:39,1
DA:40,2
DA:41,1
DA:42,2
DA:46,1
DA:49,2
DA:50,3
DA:51,1
DA:52,2
DA:53,1
DA:54,2
DA:58,1
DA:61,2
DA:62,5
DA:63,1
DA:64,2
DA:65,1
DA:66,2
DA:70,1
DA:73,2
DA:74,5
DA:75,1
DA:76,2
DA:77,1
DA:78,2
DA:82,1
DA:85,2
DA:86,5
DA:87,1
DA:88,2
DA:89,1
DA:90,2
DA:94,1
DA:98,3
DA:99,1
DA:100,1
DA:101,3
DA:107,1
DA:111,3
DA:112,1
DA:113,1
DA:114,3
DA:118,1
DA:120,2
DA:124,1
DA:126,2
DA:127,5
LF:58
LH:58
end_of_record
SF:lib\data\repositories\tvseries_repository_impl.dart
DA:17,1
DA:22,1
DA:25,2
DA:26,5
DA:27,1
DA:28,2
DA:29,1
DA:30,2
DA:34,1
DA:37,2
DA:38,2
DA:39,1
DA:40,2
DA:41,1
DA:42,2
DA:46,1
DA:51,2
DA:52,3
DA:53,1
DA:54,2
DA:55,1
DA:56,2
DA:60,1
DA:63,2
DA:64,5
DA:65,1
DA:66,2
DA:67,1
DA:68,2
DA:72,1
DA:75,2
DA:76,5
DA:77,1
DA:78,2
DA:79,1
DA:80,2
DA:84,1
DA:87,2
DA:88,5
DA:89,1
DA:90,2
DA:91,1
DA:92,2
DA:96,1
DA:100,1
DA:101,2
DA:102,1
DA:103,1
DA:104,3
DA:110,1
DA:114,1
DA:115,2
DA:116,1
DA:117,1
DA:118,3
DA:122,1
DA:124,2
DA:128,1
DA:130,2
DA:131,5
LF:60
LH:60
end_of_record
SF:lib\domain\usecases\get_now_playing_movies.dart
DA:9,1
DA:11,1
DA:12,2
LF:3
LH:3
end_of_record
SF:lib\common\constants.dart
DA:15,4
DA:16,2
DA:17,18
DA:19,0
DA:21,0
DA:25,0
DA:26,0
DA:27,0
DA:28,0
DA:29,0
LF:10
LH:3
end_of_record
SF:lib\domain\usecases\get_popular_movies.dart
DA:9,1
DA:11,1
DA:12,2
LF:3
LH:3
end_of_record
SF:lib\domain\usecases\get_top_rated_movies.dart
DA:9,1
DA:11,1
DA:12,2
LF:3
LH:3
end_of_record
SF:lib\domain\usecases\get_watchlist_movies.dart
DA:9,1
DA:11,1
DA:12,2
LF:3
LH:3
end_of_record
SF:lib\presentation\bloc\movie_playing_bloc.dart
DA:10,1
DA:11,2
DA:12,2
DA:13,2
DA:14,2
DA:16,1
DA:17,1
DA:18,3
DA:20,1
DA:21,1
DA:22,0
DA:24,2
DA:33,1
DA:35,0
DA:36,0
DA:42,1
DA:43,1
DA:53,1
DA:55,1
DA:56,2
DA:62,1
DA:64,1
DA:65,1
LF:23
LH:20
end_of_record
SF:lib\presentation\bloc\movie_popular_bloc.dart
DA:9,3
DA:10,2
DA:11,2
DA:12,2
DA:14,1
DA:15,1
DA:16,3
DA:18,1
DA:19,1
DA:20,0
DA:22,2
DA:31,2
DA:33,0
DA:34,0
DA:40,1
DA:41,1
DA:51,2
DA:53,1
DA:54,2
DA:60,2
DA:62,1
DA:63,1
LF:22
LH:19
end_of_record
SF:lib\presentation\bloc\movie_recommendations_bloc.dart
DA:10,1
DA:12,2
DA:13,2
DA:14,1
DA:15,2
DA:16,2
DA:17,1
DA:18,1
DA:19,3
DA:21,1
DA:22,2
DA:30,2
DA:32,0
DA:33,0
DA:39,2
DA:41,0
DA:42,0
DA:46,1
DA:47,1
DA:57,2
DA:59,1
DA:60,2
DA:66,1
DA:68,1
DA:69,2
LF:25
LH:21
end_of_record
SF:lib\presentation\bloc\movie_top_rated_bloc.dart
DA:10,3
DA:11,2
DA:12,2
DA:13,2
DA:15,1
DA:16,1
DA:17,3
DA:19,1
DA:20,1
DA:21,0
DA:23,2
DA:32,2
DA:34,0
DA:35,0
DA:41,1
DA:42,1
DA:52,2
DA:54,1
DA:55,2
DA:61,2
DA:63,1
DA:64,1
LF:22
LH:19
end_of_record
SF:lib\presentation\bloc\movie_watchlist_bloc.dart
DA:20,1
DA:25,2
DA:27,2
DA:28,2
DA:30,2
DA:32,5
DA:33,1
DA:34,1
DA:35,0
DA:37,2
DA:43,2
DA:44,1
DA:45,2
DA:46,2
DA:47,2
DA:51,2
DA:52,1
DA:53,2
DA:54,2
DA:55,1
DA:56,4
DA:57,3
DA:62,2
DA:63,1
DA:64,2
DA:65,2
DA:66,1
DA:67,4
DA:68,3
DA:75,3
DA:77,0
DA:78,0
DA:88,1
DA:90,0
DA:91,0
DA:98,1
DA:100,0
DA:101,0
DA:108,2
DA:110,0
DA:111,0
DA:115,4
DA:117,1
DA:118,1
DA:128,2
DA:130,1
DA:131,2
DA:137,1
DA:139,1
DA:140,2
DA:146,2
DA:148,1
DA:149,2
DA:155,3
DA:157,1
DA:158,2
LF:56
LH:47
end_of_record
SF:lib\presentation\pages\movie_detail_page.dart
DA:16,1
DA:18,1
DA:19,1
DA:23,1
DA:25,1
DA:26,2
DA:27,6
DA:28,1
DA:29,1
DA:30,4
DA:31,1
DA:32,1
DA:33,4
DA:37,1
DA:39,2
DA:40,1
DA:41,1
DA:42,1
DA:46,1
DA:47,1
DA:48,1
DA:49,1
DA:53,1
DA:54,1
DA:55,1
DA:56,1
DA:61,0
DA:62,0
DA:64,0
DA:75,1
DA:77,1
DA:79,1
DA:81,3
DA:82,1
DA:83,1
DA:84,1
DA:85,3
DA:87,2
DA:88,1
DA:90,0
DA:92,1
DA:94,1
DA:95,1
DA:96,1
DA:97,1
DA:99,2
DA:106,1
DA:107,1
DA:108,1
DA:110,1
DA:112,1
DA:114,1
DA:115,1
DA:116,2
DA:117,1
DA:119,1
DA:120,0
DA:121,0
DA:123,0
DA:124,0
DA:127,0
DA:128,0
DA:133,0
DA:134,0
DA:135,0
DA:136,0
DA:142,0
DA:149,0
DA:152,0
DA:155,0
DA:156,0
DA:157,0
DA:161,0
DA:162,0
DA:163,0
DA:165,0
DA:167,0
DA:168,0
DA:169,0
DA:174,1
DA:176,1
DA:177,1
DA:178,1
DA:179,1
DA:180,1
DA:184,1
DA:185,3
DA:187,1
DA:188,3
DA:190,1
DA:191,1
DA:192,1
DA:193,3
DA:195,2
DA:201,4
DA:204,1
DA:205,1
DA:207,1
DA:209,1
DA:210,2
DA:212,1
DA:213,1
DA:215,1
DA:217,1
DA:219,1
DA:220,1
DA:224,1
DA:225,1
DA:227,1
DA:229,1
DA:230,2
DA:231,1
DA:233,1
DA:234,0
DA:235,0
DA:238,0
DA:241,1
DA:246,1
DA:248,2
DA:249,1
DA:257,0
DA:270,2
DA:273,0
DA:274,0
DA:275,0
DA:280,0
DA:287,1
DA:289,1
DA:304,1
DA:306,1
DA:309,1
DA:310,1
DA:311,0
DA:312,0
DA:321,1
DA:323,2
DA:324,3
DA:327,1
DA:331,3
DA:334,1
DA:335,1
DA:336,1
DA:338,1
DA:339,1
DA:341,0
LF:145
LH:107
end_of_record
SF:lib\domain\usecases\get_now_playing_tvseries.dart
DA:9,1
DA:11,1
DA:12,2
LF:3
LH:3
end_of_record
SF:lib\domain\usecases\get_tvseries_detail.dart
DA:9,1
DA:11,1
DA:12,2
LF:3
LH:3
end_of_record
SF:lib\domain\usecases\get_tvseries_recommendations.dart
DA:9,1
DA:11,1
DA:12,2
LF:3
LH:3
end_of_record
SF:lib\domain\usecases\get_watchlist_tvseries_status.dart
DA:6,1
DA:8,1
DA:9,2
LF:3
LH:3
end_of_record
SF:lib\domain\usecases\get_watchlist_tvseries.dart
DA:9,1
DA:11,1
DA:12,2
LF:3
LH:3
end_of_record
SF:lib\domain\usecases\remove_tvseries_watchlist.dart
DA:9,1
DA:11,1
DA:12,2
LF:3
LH:3
end_of_record
SF:lib\domain\usecases\save_tvseries_watchlist.dart
DA:9,1
DA:11,1
DA:12,2
LF:3
LH:3
end_of_record
SF:lib\domain\usecases\search_movies.dart
DA:9,1
DA:11,1
DA:12,2
LF:3
LH:3
end_of_record
SF:lib\domain\usecases\search_tvseries.dart
DA:9,1
DA:11,1
DA:12,2
LF:3
LH:3
end_of_record
SF:lib\presentation\bloc\movie_search_bloc.dart
DA:10,3
DA:11,2
DA:12,1
DA:14,2
DA:15,2
DA:17,1
DA:18,1
DA:19,3
DA:21,1
DA:22,1
DA:23,0
DA:25,2
DA:29,1
DA:31,1
DA:32,0
DA:33,0
DA:40,1
DA:42,0
DA:43,0
DA:49,1
DA:51,0
DA:52,0
DA:55,1
DA:56,3
DA:62,1
DA:63,1
DA:73,1
DA:75,1
DA:76,2
DA:82,1
DA:84,1
DA:85,1
LF:32
LH:25
end_of_record
SF:lib\presentation\bloc\tvseries_detail_bloc.dart
DA:9,1
DA:11,2
DA:12,2
DA:13,1
DA:14,2
DA:15,2
DA:16,1
DA:17,1
DA:18,3
DA:20,1
DA:21,2
DA:29,2
DA:31,0
DA:32,0
DA:38,2
DA:40,0
DA:41,0
DA:45,1
DA:46,1
DA:56,2
DA:58,1
DA:59,2
DA:65,1
DA:67,1
DA:68,2
LF:25
LH:21
end_of_record
SF:lib\presentation\bloc\tvseries_now_playing_bloc.dart
DA:9,3
DA:10,2
DA:11,2
DA:12,2
DA:14,1
DA:15,1
DA:16,3
DA:18,1
DA:19,1
DA:20,0
DA:22,2
DA:31,1
DA:33,0
DA:34,0
DA:40,1
DA:41,1
DA:51,1
DA:53,1
DA:54,2
DA:60,1
DA:62,1
DA:63,1
LF:22
LH:19
end_of_record
SF:lib\presentation\bloc\tvseries_popular_bloc.dart
DA:9,3
DA:10,2
DA:11,2
DA:12,2
DA:14,1
DA:15,1
DA:16,3
DA:18,1
DA:19,1
DA:20,0
DA:22,2
DA:31,2
DA:33,0
DA:34,0
DA:40,1
DA:41,1
DA:51,2
DA:53,1
DA:54,2
DA:60,1
DA:62,1
DA:63,1
LF:22
LH:19
end_of_record
SF:lib\presentation\bloc\tvseries_top_rated_bloc.dart
DA:9,3
DA:10,2
DA:11,2
DA:12,2
DA:14,1
DA:15,1
DA:16,3
DA:18,1
DA:19,1
DA:20,0
DA:22,2
DA:31,2
DA:33,0
DA:34,0
DA:40,1
DA:41,1
DA:51,2
DA:53,1
DA:54,2
DA:60,1
DA:62,1
DA:63,1
LF:22
LH:19
end_of_record
SF:lib\presentation\bloc\tvseries_search_bloc.dart
DA:10,3
DA:11,2
DA:12,1
DA:14,2
DA:15,2
DA:17,1
DA:18,1
DA:19,3
DA:21,1
DA:22,1
DA:23,0
DA:25,2
DA:29,1
DA:31,1
DA:32,0
DA:33,0
DA:40,1
DA:42,0
DA:43,0
DA:49,1
DA:51,0
DA:52,0
DA:55,1
DA:56,3
DA:62,1
DA:63,1
DA:73,1
DA:75,1
DA:76,2
DA:82,1
DA:84,1
DA:85,1
LF:32
LH:25
end_of_record
SF:lib\presentation\bloc\tvseries_watchlist_bloc.dart
DA:19,1
DA:24,2
DA:26,2
DA:27,2
DA:29,2
DA:31,6
DA:32,1
DA:33,0
DA:35,2
DA:40,2
DA:41,1
DA:42,2
DA:43,2
DA:44,2
DA:47,2
DA:48,1
DA:49,2
DA:50,2
DA:51,1
DA:52,4
DA:53,3
DA:57,2
DA:58,1
DA:59,2
DA:60,2
DA:61,1
DA:62,4
DA:63,3
DA:70,3
DA:72,0
DA:73,0
DA:82,1
DA:84,0
DA:85,0
DA:91,1
DA:93,0
DA:94,0
DA:100,2
DA:102,0
DA:103,0
DA:107,4
DA:109,1
DA:110,1
DA:120,2
DA:122,1
DA:123,2
DA:129,1
DA:131,1
DA:132,2
DA:138,2
DA:140,1
DA:141,2
DA:147,3
DA:149,1
DA:150,2
LF:55
LH:46
end_of_record
SF:lib\presentation\pages\popular_movies_page.dart
DA:9,1
DA:10,1
DA:14,1
DA:16,1
DA:17,1
DA:18,5
DA:21,1
DA:23,1
DA:24,1
DA:25,1
DA:27,1
DA:29,1
DA:30,1
DA:31,1
DA:35,1
DA:36,1
DA:37,1
DA:40,1
DA:41,1
DA:42,1
DA:44,1
DA:46,1
DA:47,1
DA:49,2
DA:51,0
DA:56,0
LF:26
LH:24
end_of_record
SF:lib\presentation\widgets\movie_card_list.dart
DA:10,2
DA:12,2
DA:14,2
DA:16,2
DA:17,0
DA:18,0
DA:21,0
DA:24,2
DA:26,2
DA:27,2
DA:28,2
DA:34,2
DA:36,2
DA:37,2
DA:38,4
DA:41,2
DA:43,2
DA:44,2
DA:45,4
DA:53,2
DA:58,2
DA:59,2
DA:60,6
DA:62,4
DA:63,2
DA:65,0
DA:67,4
LF:27
LH:23
end_of_record
SF:lib\presentation\bloc\tvseries_recommendations_bloc.dart
DA:10,0
DA:12,0
DA:13,0
DA:14,0
DA:15,0
DA:16,0
DA:17,0
DA:18,0
DA:19,0
DA:21,0
DA:22,0
DA:30,1
DA:32,0
DA:33,0
DA:39,1
DA:41,0
DA:42,0
DA:46,0
DA:47,0
DA:57,1
DA:59,0
DA:60,0
DA:66,0
DA:68,0
DA:69,0
LF:25
LH:3
end_of_record
SF:lib\presentation\pages\popular_tvseries_page.dart
DA:9,1
DA:10,1
DA:14,1
DA:16,1
DA:17,6
DA:20,1
DA:22,1
DA:23,1
DA:24,1
DA:26,1
DA:28,1
DA:29,1
DA:30,1
DA:34,1
DA:35,1
DA:36,1
DA:39,1
DA:40,1
DA:41,1
DA:43,1
LF:20
LH:20
end_of_record
SF:lib\presentation\widgets\tvseries_card_list.dart
DA:10,2
DA:12,2
DA:14,2
DA:16,2
DA:17,0
DA:18,0
DA:21,0
DA:24,2
DA:26,2
DA:27,2
DA:28,2
DA:34,2
DA:36,2
DA:37,2
DA:38,4
DA:41,2
DA:43,2
DA:44,2
DA:45,4
DA:53,2
DA:58,2
DA:59,2
DA:60,6
DA:62,4
DA:63,2
DA:65,0
DA:67,4
LF:27
LH:23
end_of_record
SF:lib\presentation\pages\tvseries_detail_page.dart
DA:17,1
DA:19,1
DA:20,1
DA:24,1
DA:26,1
DA:27,2
DA:28,6
DA:29,6
DA:30,1
DA:31,1
DA:32,4
DA:36,1
DA:38,2
DA:39,1
DA:40,1
DA:41,1
DA:45,1
DA:46,2
DA:47,1
DA:51,1
DA:52,1
DA:53,1
DA:54,1
DA:59,0
DA:60,0
DA:62,0
DA:73,1
DA:75,1
DA:77,1
DA:79,3
DA:80,1
DA:81,1
DA:82,1
DA:83,3
DA:85,2
DA:86,1
DA:88,0
DA:90,1
DA:92,1
DA:93,1
DA:94,1
DA:95,1
DA:97,2
DA:104,1
DA:105,1
DA:106,1
DA:108,1
DA:110,1
DA:112,1
DA:113,1
DA:114,2
DA:115,1
DA:117,1
DA:118,0
DA:119,0
DA:121,0
DA:122,0
DA:125,0
DA:126,0
DA:131,0
DA:132,0
DA:133,0
DA:134,0
DA:138,0
DA:144,0
DA:147,0
DA:150,0
DA:151,0
DA:152,0
DA:156,0
DA:157,0
DA:159,0
DA:161,0
DA:162,0
DA:163,0
DA:168,1
DA:170,1
DA:171,1
DA:172,1
DA:173,1
DA:174,1
DA:178,1
DA:179,3
DA:181,1
DA:182,4
DA:183,4
DA:184,1
DA:185,1
DA:186,1
DA:187,1
DA:188,3
DA:190,2
DA:196,4
DA:199,1
DA:200,1
DA:202,1
DA:204,1
DA:205,2
DA:207,1
DA:208,1
DA:210,1
DA:212,1
DA:214,1
DA:215,1
DA:219,1
DA:220,1
DA:222,1
DA:224,1
DA:225,2
DA:226,1
DA:228,1
DA:229,0
DA:230,0
DA:233,0
DA:236,1
DA:241,1
DA:243,2
DA:244,1
DA:252,0
DA:265,2
DA:268,0
DA:269,0
DA:270,0
DA:275,0
DA:282,1
DA:284,1
DA:299,1
DA:301,1
DA:304,1
DA:305,1
DA:306,0
DA:307,0
DA:316,1
DA:318,2
DA:319,3
DA:322,1
DA:326,3
DA:329,0
DA:330,0
DA:332,0
DA:333,0
DA:334,0
DA:336,0
DA:337,0
DA:339,0
LF:145
LH:101
end_of_record
SF:lib\presentation\pages\top_rated_movies_page.dart
DA:9,1
DA:10,1
DA:14,1
DA:16,1
DA:17,1
DA:18,5
DA:21,1
DA:23,1
DA:24,1
DA:25,1
DA:27,1
DA:29,1
DA:30,1
DA:31,1
DA:35,1
DA:36,1
DA:37,1
DA:40,1
DA:41,1
DA:42,1
DA:44,1
DA:46,1
DA:47,1
DA:49,2
DA:51,0
DA:56,0
LF:26
LH:24
end_of_record
SF:lib\presentation\pages\top_rated_tvseries_page.dart
DA:9,1
DA:10,1
DA:14,1
DA:16,1
DA:17,1
DA:18,5
DA:21,1
DA:23,1
DA:24,1
DA:25,1
DA:27,1
DA:29,1
DA:30,1
DA:31,1
DA:35,1
DA:36,1
DA:37,1
DA:40,1
DA:41,1
DA:42,1
DA:44,1
LF:21
LH:21
end_of_record
